<?xml version="1.0" encoding="UTF-8"?>
<!-- Generated by org.testng.reporters.JUnitXMLReporter -->
<testsuite ignored="3" hostname="LAPTOP-3H84A10O" failures="0" tests="1" name="Test(failed)(failed)" time="0.117" errors="0" timestamp="2024-09-27T16:02:31 IST">
  <testcase classname="org.openmrs.demo.test.OpenMrsTestNGTest2" name="activateVisitsAndAddAttachments" time="0.023"/>
  <testcase classname="org.openmrs.demo.test.OpenMrsTestNGTest2" name="deletePatient" time="0.0">
    <ignored/>
  </testcase> <!-- deletePatient -->
  <testcase classname="org.openmrs.demo.test.OpenMrsTestNGTest2" name="findPatient" time="0.0">
    <ignored/>
  </testcase> <!-- findPatient -->
  <testcase classname="org.openmrs.demo.test.OpenMrsTestNGTest2" name="registerpatient" time="0.0">
    <ignored/>
  </testcase> <!-- registerpatient -->
</testsuite> <!-- Test(failed)(failed) -->
