<?xml version="1.0" encoding="UTF-8"?>
<!-- Generated by org.testng.reporters.JUnitXMLReporter -->
<testsuite ignored="3" hostname="LAPTOP-3H84A10O" failures="1" tests="1" name="Test(failed)" time="0.127" errors="0" timestamp="2024-09-27T16:01:08 IST">
  <testcase classname="org.openmrs.demo.test.OpenMrsTestNGTest2" name="activateVisitsAndAddAttachments" time="0.029">
    <failure type="java.lang.AssertionError" message="expected [false] but found [true]">
      <![CDATA[java.lang.AssertionError: expected [false] but found [true]
at org.openmrs.demo.test.OpenMrsTestNGTest2.activateVisitsAndAddAttachments(OpenMrsTestNGTest2.java:34)
at java.base/java.util.ArrayList.forEach(ArrayList.java:1511)
... Removed 32 stack frames]]>
    </failure>
  </testcase> <!-- activateVisitsAndAddAttachments -->
  <testcase classname="org.openmrs.demo.test.OpenMrsTestNGTest2" name="deletePatient" time="0.0">
    <ignored/>
  </testcase> <!-- deletePatient -->
  <testcase classname="org.openmrs.demo.test.OpenMrsTestNGTest2" name="findPatient" time="0.0">
    <ignored/>
  </testcase> <!-- findPatient -->
  <testcase classname="org.openmrs.demo.test.OpenMrsTestNGTest2" name="registerpatient" time="0.0">
    <ignored/>
  </testcase> <!-- registerpatient -->
</testsuite> <!-- Test(failed) -->
